pGhF
(FAFGF"F
SFZF
OF"F
	NA 
HF1F*FCF
HpG 
hPCC
F_FO
IFPF
@F)h
*`	h"
@F!F
FPFYF
2F+F
@F!F
QA2F+F
D@Bd
CRBc
!pG!
FpG *
FpG:(
pGBhZ
 pGO
SFZF
FPFYFBF
 F9F
v,C7C
FpG@
'bi=F9F
We(=
F%(?
#FjFo
	OFKFc(
	biIF
G!i9
FSFC
 QFQ
@B@B
@B@B
CFJFQF F
PiF0F
P"MiF(F
x?LO
`!;H
UjF9F F
 UUU
pGpG
 pGpGpGpG
IH`pG
bpG@h
`pG0
E,C#C
i#CLj#C
`1I1J
H`pG(J(2
$J<2
 JP2
	J<2
 `p0F
 `p(F
"@!`h
$A`h
%Q`h
a0 ;
""`S""`
!!`8
PjF!F
"*`S"*`
 (`0
 (`S (`
 (`0Fp
@ax	
C!{@
 x9h2FO
4 `S  `
  `0F
x!x@
Fh5`Fi5`
Dh#`Di#`
C!`Ay
C!`0
PiF	H
x=C(.
x<C(.
@pP`
@`P`
CQ`d
@pP`
@pP`
@`P`
AapGO
ppG-
Nuhtx(F
LprxP*
]%!H
CFJFQF F
pGpGpGpG	
 pG	
IH`pG
$0%7&
1F F
#&),/258;B
 pG@
ppGO
ppGO
ppG@
! pG@
# pGO
	ppG@
% pG@
& pG@
' pGo pGp pG@
* pG
#&),/258;B
 pG@
ppGO
ppGO
ppG@
! pG@
# pGO
	ppG@
% pG@
& pG@
' pGo pGp pG@
* pG
1F(F
`5`e`O
5``h
``hd!
*F3F
`pG0
a0 ;
`4 8@
`x 8
1F F
CQapG
HAjA
qAbpG
!ZhUL
YhNJ
`YhZh
@B`Yh]h
`Yh]h
`Yh[h
<`@B
 Y		J
@A`O
HepG@
JQh!
CQ`pG
CFJFQF F
pGpG
,C#C
$!	I:
`AhA`Ah!
`QA`AhA`Ah!
aA`AhA`Ah!
A`AhA
A`Ah
0 `O
@R h
``h```h 
`P```h@
P```h 
````h@
````h
@```h@
`` h@
p ` h
```h@
```h
`Ah"J
1F8F
iF0F
 !0F
iF0F
A! F
 L!NO
ep x
ep x
@iF(F
#+C$
`!>H
H@z0
*F0FI
/FthX! F
I]av`
M ! F
 `vhh a!F
 pGpG
 pGpG
SV3.0.0 Mar  6 2024 00:45:18
WQ-206-A1-81KEY-1-UBTG-2-V1.0-1423
px@I@
 pGpGpGpG
"QF`h
"IF`h
"IF`h
"QF`h
"IF`h
"QF`h
'q`h
01ax
 Ha@O
`0iAh!
A`8h
@HaD
8hAi0F
 HaD
 Keyboard
HpGD
 HID Interface
HpG@
 UBEST
 zoom75 wireless
#F"F!F(F
#F"F!F(F
h!iH`
)F F
!iIh
iF F
iF F
iF F
;TAQA
Q)F F
)F F
` iAhA
 iAh!
5F+F
!Ab  /F`
a iEa!iO
iAhA
qA` F
hJab
a	xE
a(Fp
FKx	x
^m2h6i
GoCg
Ma[m
i:h>i
i^k.C^c
R	xB
FpG8
ceCx
aAa@1
!(Fp
4H5I(D
/H/I(D
,H,I(D
)H)I(D
&H&I(D
#H#I(D
 H I(D
hBh0F
)F0F
2F(F
i0D	
&Ah!
A`)F F
a(F!if
a!iE
Ha!iE
iF F
iF0F
PiF8F
`iF8F
PiF F
`iF F
1F(F
%Q(F
$A(F
i F0
%Q`h
FEp@
%V@h*F1F
"9F`h
"AF`h
"@!`h
"1F`h
"9F`h
AF`h
(Fah
)F`h
 pG8
L h 
,!hF
iF F
@iF(F
KjF)F
KjF)F0F
pGpG
!@JI
2F;F@FIF
F2F;F
BFKF
BFKF
"%K F1F
0x*(
0x.(
0xl(
0xf(
!F8F
SF!F8F
!@Ba
2xp*
2xX*
SF!F
SF!F
0 RF
0123456789abcdef
0123456789ABCDEF
Q\0)
SF!F
SF!F
0 RF
. RF
SF!F
9F  
AF8F
pHh@
H`pG
#I	h
p x 
 p(x 
F!F(F
A	93
A!9,
 pG-
[/F	
'M'LH
 xbxA
  p`p
`G`!p
`p`x!x
@"CJp
CJppG
\h D_
N,F@
y*Fd
 @9Hp
H*Fd
"1F@0
U8nF
$'FV
+F2F
F F|
;FBF
;FBF
%kF1F
3F!F
*0U+
+0U%U+
 timeout
 pGBB
p(y@
.phx@
*qiq
)p)y
hp(x
hx)z
(pix(z
hphx
q`x r
y!z@
CF0D
 xCF8D
q%qeq
% Hp
 pGp
hxd(
(p(x
(p(xA
(p(x
(yd(
g}#BF
p}#BF
}#BF
'@,v
Hw(`
$!1hb
zL p
 p x
0`0h 
F, 	
88pG
F"F!F
5F*F9F
channel_param_sendmail->MailPut->Err=%x
"QF h
h@h 
Ihh@
` `p
` `h
 p4(
 HppG
7OE3
1hAE
1hAE
1hAE
#2FIF8F
#2FIF8F
#2FIF8F
#2FIF8F
JF)F0F
 pGpG
A.N/M
"hp&
'(i	
(a(x
p/q)y
xd"	
I	hH@
CJppG
iKi	L[
0pG-
 pGp
% Fd
)x0F
)x0F
XpGO
ZpGO
F2F!F
2F9F(F
2F!F(F
p9 :
Exp?
*F9F
Hqx D
JF!FCF
$Hyx D
1FRF
`/Kx@xIz
2FHC
Hyx D
#FRFYF
 pGp
`IhA`
H@hpG
YFBh
IH`pG
Fh3`Fi3`
pGpGp
yDIh
yDIh
)F F
HIx(D
x Fa
F !hF
@ !hF
 !hF
F !hF
oF:MO
	!F0F
"(x@E
!xsx
 !hF
 "iFXF
9F0F
"z)F"
Faz z
aq_NO
"`x[Il
YF0F
`yxqay0h
"YF0F
"YF0F
YF0F
 hq`x
`yhq
	<FS
q/B3
!F0F
"!F0F
6 O!MTF
0h)h
p)h1`:h
!#e(n
L$xd
iF F
@! F
GpG`
IIhH@
IIhH@
@(`2 
!TFPF
F/L0M
*K!q
y q F
A'N(L
G:LB
u`h 
?f: 
 p x@
Fhy)x
'H,r'L
 hr 
ex(F;J
unknown 
 normal  
>normal  
 high    
 realtime
<normal  
 low     
 idle    
 Error   
over  
normal
V!F0F
G4K5H
3H4I
 L M
 1FHF
y(q 
 i(a
4Z*!
"&*.147:?
A0H1I1M
&!F-H
#"O$?+
#$:`
$!F2
h8`8ix`xi
 kp2
 pGL
pGpG
 *I	
AXMO
&q`x(
iF(F
pDpH 
1F F
`CLC
pGo%
5)F h
..\components\rtx\RTX_Conf_CM.c
File:%s->Fun:%s->Line:%d,error_code:0x%08X,task_id:0x%08X
unknown
Stack overflow detected for the currently running task
ISR FIFO Queue buffer overflow detected
Mailbox overflow detected task
User Timer Callback Queue overflow detected
%-I-J,F
`/F.F
%DAp4Fd)
p=Fd)
$0F	
!F(F
!F(F
8O}p
AL%b
Q+F*F
!DF@F
`jF!F0F
7M.d
!DF@F
~I~J	h
@p0`
[I	x
 pGpG
 pGpG
 pGN
` pG
:F1FHF
:F1FHF
)5?IS]gr|
)F F
!F(F
!F(F
!F(F
!F(F
@(D3
`NE|
pJp F
]15a9eg;
GtKx
aNE2
	L`x
FxyO
xR-1
yHwJ
qHoJ
!mNO
"DHHN
)F0F
 0p(
 0p0h
	L`x8
E_L =
!(/6=Rm
NJOI
LJJI0F
HJHI
EJDI
CJCI
@J?I
>J>I0F
4J3I0F
(J)I0F
jFAFHF
F&M(x D
WpvxVrSt
 (x@
AFHF
U8] !
!I(x
y		y
 h0`
`hp`
`hp`n
`hp`
F HIx0D
:QW`ccc??ilry
p qo
p!qY
xax x
ax x
IF8F
!p`p!
IF8F
 pGR
x!F(F
x`x+F
1F F
xhx3F"F
ppGX
F(z@
(r.M
` (q
FHy@
KFRFYF8F
ppGX
H@xpG
x`x+F
x`x+F
]$!F(F
!F(F
pGpGpGpG
"F(q
A=M>L(h
P(` h
)O)I 7
phi(a
q b`b
bx	x
.5:GLQV[`ekpuz
F0x@
 hEp
ahA``h
(hFp F
fp!F
 `pb
 `pb
 pGh
F@hBhJ`
B`pGCh
` a b
b)F F
fp F
np(F
A`!hJ`!h
!Ap h
FpGO
`pG-
`<b)h
(hFp~p
(hFp
 F)h
(h``)h
 H`(h
`	!0F
"p2xT
$4pb
J`A`
IJhB`
`H`pG
BhJ`Ah
@hH`pG
pG\@
"B`A
pGD	
!AppG
pDp	x
pAhI
0pGY`
 pG$	
BF F
9F>H
)h1H
xpGD	
 (`0F
 (`0F
!F(F
 (`0F
!BpN
"F1F@F
NFDD1
"F1F@F
RF1F@F%
"F1F@F
ZF1F F
:F1F F
*F F
*FAF F
RFAF
*F F
2F F
,D]Fv
*F9F F
F9F F
"F1F@F
NFDD1
"F1F@F
RF1F@F%
"F1F@F
ZF1F F
:F1F F
)F@F
L!xbx
#"F)F
Px2(
Pxjx
"*php 
p"F(
d0 a
M#=(x
x(FI
  a(p
-"%I&H
#H#!-0
 H !P0
`ivL!)a
0p%p
M x>(
I	xiqbx
 x>(
$&F(
60xA
L h@
H@x(
ap*T
$+F2F9F F
`JhB`	
q<(0
q`y@
`q<()
aq y@
x x,*
L x`
p xX
F(h1h@
(h1h@
F1F F
I	hI
!2Fp
!3F*F h
IQcp
`)F F
 `p(F
)F F
%F$ht`
")F8h
	L,! F
 `v!F
(!"H
 +!`p q`q
`	 `v
hh a
	H!F
pG8	
`pG8	
pGL	
pG8	
Fh3`Fi3`
`o@7C
s@x2
x(a-
D3	*
!(FR
0@hpG
Hd!d8
 DAF@
"$I<
p*p8
" I3
xh`#
K@;	
Kx<O=LO
EEEEE9
 p2p>
"iF-
+3	*
0X`Q
 DISABLE
ENABLE
Connected
 Disconnect
+DATA:
+DATA:%d
 +EVENT:%x
+EVENT:
 3600
"F)F0F
AT+RESET
2F9F@F
ERROR
ERROR%x
$ F8
+EVENT:%x
+EVENT:
+VERSION
iF F
iF F
"x;F
"0D;F
zt#F
Hu(F
AT+DISCONN
AT+DEEPSLEEP
L h(
	!hF
	!hF
pJyB
ns(~@
%r`x
 d&efe
AF(F
AF(F
hb ~ 
"IF@F
AF(F
YF(F
F(F(:
8`d!
ppGp
Fax x
"F)F
NFKF
9x3F
&HF	
&qfp
"YFHF
`  a
&qfp
p&qfp
p%qep
&qfp
"YFHF
"YFHF
"YFHF
"YFHF
 System is up
 OTA:02
+BATSTATE:
+BATSTATE:%d,%d,%d,%d
+EVENT:%x
+EVENT:
+LEDPAGE:%x
+LED
(v8F
F(~@
N|x2
ixBx
!N!L@
`0x(
` x(
xAx F
 DATA
data
Appdog
Task dog
UART1
uart1
UART2
uart2
USB_HID
usb_hid
KEY_BOARD
key_board
BLUETOOTH
bluetooth
SerialLcd
SerialLcd
 56,2
-./ 
INACTIVE
READY   
RUNNING 
WAIT_DLY
WAIT_ITV
WAIT_OR 
WAIT_AND
WAIT_SEM
WAIT_MBX
WAIT_MUT
JanFebMarAprMayJunJulAugSepOctNovDec
B c0
s2R"
b$C4 
S6r&
>2.Q
P%@Fpg`
RwbVr
ftGd$T
Wfvv
F4VL
DXeH
uJTZ7j
ld\EL
n6~UNt^
 56,2
-./ 
os_error
EEPROM_READ
EEPROM_WRITE
EEPROM_ERASE
DATA_FLASH_READ
DATA_FLASH_WRITE
DATA_FLASH_ERASE
DATA_FLASH_SECTOR_WRITE
DATA_FLASH_READ_CHECK
DATA_FLASH_RC_SE_WRITE
NAND_FLASH_ADDR_READ
NAND_FLASH_ADDR_WRITE
NAND_FLASH_SECTOR_READ
NAND_FLASH_SECTOR_WRITE
NAND_FLASH_ERASE
FILE_READ
FILE_WRITE
FILE_MKDIR
FILE_COPY_COVER_NO
FILE_COPY_COVER_YES
FILE_DELETE
FILE_LOG_WRITE
EEPROM_READ_CHECK_BACK
EEPROM_WRITE_CHECK_BACK
 NONE-NONE-NONE-ICRGB-NONE-NONE-NONE
key_protocol_reset
key_protocol_dfu
key_protocol_factory
#x%x!x x
$x&x
"R'x
*x(x)x
 0@P
!1AQ
"2BR
#3CS
$4DT
%5EU
&6FV
'7GW
(8HX	
)9IY,<
-=M]
 !"#$%&'()*+
,-./012345678
:;<=>?@ABCDEFG
HIJK
NOPQR
&"&0&>&K&Y&g&u&
3%333A3O3]3j3x3
@,@:@H@V@c@q@
L"L3L]LqL
UBTG281VIASV04
 56,2
-./ 
11)Z
4 !"$4&'%.6-78'
 !"#$%&336.78
/10#-5
/105L
 ,:J]q
q]J:, 
	0	1
@@@@@@@@@AAAAA@@@@@@@@@@@@@@@@@@
          
channel_10ms_cb
RGBDEF1
KEYDEF1
KCONFIG1
KEYVAL1
RGBDEF2
KEYDEF2
KCONFIG2
KEYVAL2
KEYDEF3
KEYVAL3
KEYDEF4
KEYVAL4
KEYDEF5
KEYVAL5
PIDA
KCONFIG
main
osTimerThread
vtask_data
vtast_appdog
vTask_Uart
vTask_UsbHid
backlight_Timer_1ms_cb
AT+UART=230400
AT+VIDPID=1EA8CED3
AT+MODULETYPE=09
AT+AUTOIDLE=
AT+IDLETIMES=
AT+VIDPID?
AT+KEYBOARD?
AT+AUTOIDLE?
AT+NAME?
AT+BATSTATE?
AT+VERSION?
AT+UART?
AT+AUTOEVENT=ENABLE
AT+EVENT=00FF
AT+RESET
AT+NAME=zoom75 wireless
AT+DISCOVER=2
AT+KEYBOARD=
AT+CONN=3
AT+CONN?
AT+LEDPAGE?
AT+RSSI?
AT+BATCHARGE=
AT+DISCONN
AT+DEEPSLEEP
HID=
AT+OTA
AT+FTYRESET
Bluetooth_Timer_10ms_cb
vtask_bluetooth
SV3.0.0
AT32F415RCT7-7
128KB
Board_Init
board init
UartInit
uart init
my9373_config
my9373 config
led_initpins
led power init
sSIM_FLASH_Init
sim spi w25q64
sSIM_FLASH_GetID
get flash id
en_coder_config
en coder config
soft_time_init
soft_time init andstart
channel_init
channel init
OS_StatInit
cout cpu usage
memory_init
memory init
export_start
start_0
export_board_start
end_0
export_board_end
end_1
export_app_end
end_1
export_end
end_f
app_config_check_produce_id
check first power on
app_power_on_data_config
power on read all prarm
wdg_init
wdg init andstart
task_data_init
init
task_appdog_init
sotfware dog task
Task_Uart_Init
task uart init
UsbHid_HidMsg
usb hid msg
Task_UsbHid_Init
task usb hid init
keyboard_bootmagic_init
keyboard boot init
task_keyboard_init
task key init
task_bluetooth_init
task bluetooth init
var_test
test
